<?xml version="1.0" encoding="UTF-8"?>
<testng-results skipped="0" failed="0" total="2" passed="2">
  <reporter-output>
  </reporter-output>
  <suite name="Default suite" duration-ms="14717" started-at="2018-02-11T14:45:35Z" finished-at="2018-02-11T14:45:49Z">
    <groups>
    </groups>
    <test name="Default test" duration-ms="14717" started-at="2018-02-11T14:45:35Z" finished-at="2018-02-11T14:45:49Z">
      <class name="com.full.tests.HomePageTests">
        <test-method status="PASS" signature="home()[pri:0, instance:com.full.tests.HomePageTests@5419f379]" name="home" duration-ms="13625" started-at="2018-02-11T09:45:35Z" finished-at="2018-02-11T09:45:48Z">
          <reporter-output>
          </reporter-output>
        </test-method> <!-- home -->
        <test-method status="PASS" signature="login()[pri:0, instance:com.full.tests.HomePageTests@5419f379]" name="login" duration-ms="1070" started-at="2018-02-11T09:45:48Z" finished-at="2018-02-11T09:45:49Z">
          <reporter-output>
          </reporter-output>
        </test-method> <!-- login -->
      </class> <!-- com.full.tests.HomePageTests -->
    </test> <!-- Default test -->
  </suite> <!-- Default suite -->
</testng-results>
